<?xml version="1.0" encoding="UTF-8"?>
<testng-results ignored="0" total="1" passed="1" failed="0" skipped="0">
  <reporter-output>
  </reporter-output>
  <suite started-at="2024-08-08T16:10:42 IST" name="Default suite" finished-at="2024-08-08T16:10:43 IST" duration-ms="270">
    <groups>
      <group name="Java">
        <method signature="TestNG1Test.PrintTest1()[pri:0, instance:PackageTestNG1.TestNG1Test@1040be71]" name="PrintTest1" class="PackageTestNG1.TestNG1Test"/>
      </group> <!-- Java -->
    </groups>
    <test started-at="2024-08-08T16:10:42 IST" name="Default test" finished-at="2024-08-08T16:10:43 IST" duration-ms="270">
      <class name="PackageTestNG1.TestNG1Test">
        <test-method is-config="true" signature="TeamIntro()[pri:0, instance:PackageTestNG1.TestNG1Test@1040be71]" started-at="2024-08-08T16:10:43 IST" name="TeamIntro" finished-at="2024-08-08T16:10:43 IST" duration-ms="32" status="PASS">
          <reporter-output>
          </reporter-output>
        </test-method> <!-- TeamIntro -->
        <test-method signature="PrintTest1()[pri:0, instance:PackageTestNG1.TestNG1Test@1040be71]" started-at="2024-08-08T16:10:43 IST" name="PrintTest1" finished-at="2024-08-08T16:10:43 IST" duration-ms="23" status="PASS">
          <reporter-output>
          </reporter-output>
        </test-method> <!-- PrintTest1 -->
        <test-method is-config="true" signature="PrintTest2()[pri:0, instance:PackageTestNG1.TestNG1Test@1040be71]" started-at="2024-08-08T16:10:43 IST" name="PrintTest2" finished-at="2024-08-08T16:10:43 IST" duration-ms="5" status="PASS">
          <reporter-output>
          </reporter-output>
        </test-method> <!-- PrintTest2 -->
      </class> <!-- PackageTestNG1.TestNG1Test -->
    </test> <!-- Default test -->
  </suite> <!-- Default suite -->
</testng-results>
