<?xml version="1.0" encoding="UTF-8"?>
<!-- Generated by org.testng.reporters.JUnitXMLReporter -->
<testsuite ignored="1" hostname="Admins-MacBook-Pro.local" failures="0" tests="1" name="Default test" time="0.27" errors="0" timestamp="2024-08-08T16:10:48 IST">
  <testcase classname="PackageTestNG1.TestNG1Test" name="PrintTest1" time="0.023"/>
  <testcase classname="PackageTestNG1.TestNG1Test" name="PrintTest" time="0.0">
    <ignored/>
  </testcase> <!-- PrintTest -->
</testsuite> <!-- Default test -->
