<?xml version="1.0" encoding="UTF-8"?>
<!-- Generated by org.testng.reporters.JUnitXMLReporter -->
<testsuite ignored="1" hostname="Admins-MacBook-Pro.local" failures="0" tests="1" name="GRP-Java" time="0.104" errors="0" timestamp="2024-04-05T22:41:15 IST">
  <testcase classname="PackageTestNG1.TestNGDemo1" name="PrintTest1" time="0.014"/>
  <testcase classname="PackageTestNG1.TestNGDemo1" name="PrintTest" time="0.0">
    <ignored/>
  </testcase> <!-- PrintTest -->
</testsuite> <!-- GRP-Java -->
